<?xml version="1.0" encoding="UTF-8"?>
<!-- Generated by org.testng.reporters.JUnitXMLReporter -->
<testsuite hostname="IMRAN-PC" ignored="0" name="NewTourSiteTest" tests="2" failures="0" timestamp="2020-07-25T20:46:15 BDT" time="11.86" errors="0">
  <testcase name="checkLoginPageTitle" time="9.356" classname="com.bitm.SeleniumOnlineProject.Test.LoginTest"/>
  <testcase name="logintest" time="1.362" classname="com.bitm.SeleniumOnlineProject.Test.LoginTest"/>
</testsuite> <!-- NewTourSiteTest -->
