<?xml version="1.0" encoding="UTF-8"?>
<!-- Generated by org.testng.reporters.JUnitXMLReporter -->
<testsuite hostname="IMRAN-PC" ignored="0" name="NewTourSiteTest" tests="4" failures="0" timestamp="2020-07-18T17:33:50 BDT" time="13.868" errors="0">
  <testcase name="checkLoginPageTitle" time="8.025" classname="com.bitm.SeleniumOnlineProject.Test.LoginTest"/>
  <testcase name="logintest" time="3.345" classname="com.bitm.SeleniumOnlineProject.Test.LoginTest"/>
  <testcase name="checkFlightFinderPageTitle" time="0.001" classname="com.bitm.SeleniumOnlineProject.Test.FlightFinderTest"/>
  <testcase name="flightfinderTest" time="2.433" classname="com.bitm.SeleniumOnlineProject.Test.FlightFinderTest"/>
</testsuite> <!-- NewTourSiteTest -->
