<?xml version="1.0" encoding="UTF-8"?>
<!-- Generated by org.testng.reporters.JUnitXMLReporter -->
<testsuite hostname="IMRAN-PC" ignored="0" name="LoginTest" tests="4" failures="0" timestamp="2020-07-12T21:36:23 BDT" time="15.128" errors="0">
  <testcase name="checkLoginPageTitle" time="7.36" classname="com.bitm.SeleniumOnlineProject.Test.LoginTest"/>
  <testcase name="logintest" time="7.6" classname="com.bitm.SeleniumOnlineProject.Test.LoginTest"/>
  <testcase name="checkFlightFinderPageTitle" time="0.001" classname="com.bitm.SeleniumOnlineProject.Test.FlightFinderTest"/>
  <testcase name="flightfinderTest" time="0.1" classname="com.bitm.SeleniumOnlineProject.Test.FlightFinderTest"/>
</testsuite> <!-- LoginTest -->
